<?xml version="1.0" encoding="UTF-8"?>
<!-- Generated by org.testng.reporters.JUnitReportReporter -->
<testsuite hostname="saiale" name="Groupidisthepackagenametest.Loginpage" tests="1" failures="0" timestamp="8 Aug 2018 06:12:56 GMT" time="14.754" errors="0">
  <testcase name="loggingin" time="14.754" classname="Groupidisthepackagenametest.Loginpage"/>
</testsuite> <!-- Groupidisthepackagenametest.Loginpage -->
